[debug] > Exec(early(addDefaultCommands), None, None)
[debug] > Exec(addDefaultCommands, None, None)
[debug] > Exec(early(initialize), None, None)
[debug] > Exec(initialize, None, None)
[debug] > Exec(boot, None, None)
[debug] > Exec(writeSbtVersion, None, None)
[debug] > Exec(reload, None, None)
[debug] > Exec(sbtStashOnFailure, None, None)
[debug] > Exec(onFailure loadFailed, None, None)
[debug] > Exec(loadp, None, None)
[info] welcome to sbt 1.4.2 (Oracle Corporation Java 14.0.2)
[debug]       Load.loadUnit: plugins took 579.5964ms
[debug]       Load.loadUnit: defsScala took 1.1931ms
[debug] [Loading] Scanning directory C:\Users\dfdem\.sbt\1.0\plugins
[debug] [Loading] Found non-root projects 
[debug] [Loading] Done in C:\Users\dfdem\.sbt\1.0\plugins, returning: ()
[debug] deducing auto plugins based on known facts Set(Atom(sbt.plugins.CorePlugin)) and clauses Clauses(List(Clause(Atom(sbt.plugins.JvmPlugin),Set(Atom(sbt.plugins.IvyPlugin))), Clause(Atom(sbt.ScriptedPlugin),Set(Atom(sbt.plugins.JvmPlugin))), Clause(Atom(sbt.plugins.SbtPlugin),Set(Atom(sbt.ScriptedPlugin))), Clause(Atom(sbt.plugins.SemanticdbPlugin),Set(Atom(sbt.plugins.JvmPlugin))), Clause(Atom(sbt.plugins.JUnitXmlReportPlugin),Set(Atom(sbt.plugins.JvmPlugin))), Clause(Atom(sbt.plugins.MiniDependencyTreePlugin),Set(Atom(sbt.plugins.JvmPlugin))), Clause(Atom(sbt.plugins.CorePlugin),Set(Atom(sbt.plugins.IvyPlugin))), Clause(Atom(sbt.plugins.IvyPlugin),Set(Atom(sbt.plugins.JvmPlugin))), Clause(Atom(sbt.plugins.JvmPlugin),Set(Atom(sbt.plugins.SemanticdbPlugin))), Clause(Atom(sbt.plugins.JvmPlugin),Set(Atom(sbt.plugins.JUnitXmlReportPlugin))), Clause(Atom(sbt.plugins.CorePlugin),Set(Atom(sbt.plugins.Giter8TemplatePlugin))), Clause(Atom(sbt.plugins.JvmPlugin),Set(Atom(sbt.plugins.MiniDependencyTreePlugin)))))
[debug]   :: deduced result: Matched(sbt.plugins.CorePlugin,sbt.plugins.Giter8TemplatePlugin,sbt.plugins.IvyPlugin,sbt.plugins.JvmPlugin,sbt.plugins.MiniDependencyTreePlugin,sbt.plugins.JUnitXmlReportPlugin,sbt.plugins.SemanticdbPlugin)
[debug] Plugins.deducer#function took 120.5979 ms
[debug]           Load.resolveProject(global-plugins) took 241.9426ms
[debug]         Load.loadTransitive: finalizeProject(Project(id global-plugins, base: C:\Users\dfdem\.sbt\1.0\plugins, plugins: List(<none>))) took 468.2621ms
[debug] [Loading] Done in C:\Users\dfdem\.sbt\1.0\plugins, returning: (global-plugins)
[debug]       Load.loadUnit: loadedProjectsRaw took 624.1594ms
[debug]       Load.loadUnit: cleanEvalClasses took 5.0998ms
[debug]     Load.loadUnit(file:/C:/Users/dfdem/.sbt/1.0/plugins/, ...) took 1261.2902ms
[debug]   Load.apply: load took 2146.3053ms
[debug]   Load.apply: resolveProjects took 30.8547ms
[debug]   Load.apply: finalTransforms took 315.789ms
[debug]   Load.apply: config.delegates took 79.109ms
[debug]   Load.apply: Def.make(settings)... took 5655.8972ms
[debug]   Load.apply: structureIndex took 874.2459ms
[debug]   Load.apply: mkStreams took 9.874ms
[info] loading global plugins from C:\Users\dfdem\.sbt\1.0\plugins
[debug] Running task... Cancel: Signal, check cycles: false, forcegc: true
[debug] Load.defaultLoad until apply took 20378.8375ms
[debug]           Load.loadUnit: plugins took 162.6526ms
[debug]           Load.loadUnit: defsScala took 0.0283ms
[debug] [Loading] Scanning directory C:\Users\dfdem\IdeaProjects\tlc-scala-101\project
[debug] [Loading] Found non-root projects 
[debug] [Loading] Done in C:\Users\dfdem\IdeaProjects\tlc-scala-101\project, returning: ()
[debug] deducing auto plugins based on known facts Set(Atom(sbt.plugins.CorePlugin)) and clauses Clauses(List(Clause(Atom(sbt.plugins.JvmPlugin),Set(Atom(sbt.plugins.IvyPlugin))), Clause(Atom(sbt.ScriptedPlugin),Set(Atom(sbt.plugins.JvmPlugin))), Clause(Atom(sbt.plugins.SbtPlugin),Set(Atom(sbt.ScriptedPlugin))), Clause(Atom(sbt.plugins.SemanticdbPlugin),Set(Atom(sbt.plugins.JvmPlugin))), Clause(Atom(sbt.plugins.JUnitXmlReportPlugin),Set(Atom(sbt.plugins.JvmPlugin))), Clause(Atom(sbt.plugins.MiniDependencyTreePlugin),Set(Atom(sbt.plugins.JvmPlugin))), Clause(Atom(sbt.plugins.CorePlugin),Set(Atom(sbt.plugins.IvyPlugin))), Clause(Atom(sbt.plugins.IvyPlugin),Set(Atom(sbt.plugins.JvmPlugin))), Clause(Atom(sbt.plugins.JvmPlugin),Set(Atom(sbt.plugins.SemanticdbPlugin))), Clause(Atom(sbt.plugins.JvmPlugin),Set(Atom(sbt.plugins.JUnitXmlReportPlugin))), Clause(Atom(sbt.plugins.CorePlugin),Set(Atom(sbt.plugins.Giter8TemplatePlugin))), Clause(Atom(sbt.plugins.JvmPlugin),Set(Atom(sbt.plugins.MiniDependencyTreePlugin)))))
[debug]   :: deduced result: Matched(sbt.plugins.CorePlugin,sbt.plugins.Giter8TemplatePlugin,sbt.plugins.IvyPlugin,sbt.plugins.JvmPlugin,sbt.plugins.MiniDependencyTreePlugin,sbt.plugins.JUnitXmlReportPlugin,sbt.plugins.SemanticdbPlugin)
[debug] Plugins.deducer#function took 8.0229 ms
[debug]               Load.resolveProject(tlc-scala-101-build) took 6.5239ms
[debug]             Load.loadTransitive: finalizeProject(Project(id tlc-scala-101-build, base: C:\Users\dfdem\IdeaProjects\tlc-scala-101\project, plugins: List(<none>))) took 16.6841ms
[debug] [Loading] Done in C:\Users\dfdem\IdeaProjects\tlc-scala-101\project, returning: (tlc-scala-101-build)
[debug]           Load.loadUnit: loadedProjectsRaw took 25.2158ms
[debug]           Load.loadUnit: cleanEvalClasses took 0.0518ms
[debug]         Load.loadUnit(file:/C:/Users/dfdem/IdeaProjects/tlc-scala-101/project/, ...) took 192.1048ms
[debug]       Load.apply: load took 201.4184ms
[debug]       Load.apply: resolveProjects took 0.7142ms
[debug]       Load.apply: finalTransforms took 68.7126ms
[debug]       Load.apply: config.delegates took 2.0652ms
[debug]       Load.apply: Def.make(settings)... took 1410.1873ms
[debug]       Load.apply: structureIndex took 378.676ms
[debug]       Load.apply: mkStreams took 0.0103ms
[info] loading project definition from C:\Users\dfdem\IdeaProjects\tlc-scala-101\project
[debug] Running task... Cancel: Signal, check cycles: false, forcegc: true
[debug]     Load.loadUnit: plugins took 20756.352ms
[debug]     Load.loadUnit: defsScala took 0.012ms
[debug] [Loading] Scanning directory C:\Users\dfdem\IdeaProjects\tlc-scala-101
[debug]       Load.loadUnit: mkEval took 23.4491ms
[debug] [Loading] Found non-root projects 
[debug] [Loading] Done in C:\Users\dfdem\IdeaProjects\tlc-scala-101, returning: ()
[debug] deducing auto plugins based on known facts Set(Atom(sbt.plugins.CorePlugin)) and clauses Clauses(List(Clause(Atom(sbt.plugins.JvmPlugin),Set(Atom(sbt.plugins.IvyPlugin))), Clause(Atom(sbt.ScriptedPlugin),Set(Atom(sbt.plugins.JvmPlugin))), Clause(Atom(sbt.plugins.SbtPlugin),Set(Atom(sbt.ScriptedPlugin))), Clause(Atom(sbt.plugins.SemanticdbPlugin),Set(Atom(sbt.plugins.JvmPlugin))), Clause(Atom(sbt.plugins.JUnitXmlReportPlugin),Set(Atom(sbt.plugins.JvmPlugin))), Clause(Atom(sbt.plugins.MiniDependencyTreePlugin),Set(Atom(sbt.plugins.JvmPlugin))), Clause(Atom(sbt.plugins.CorePlugin),Set(Atom(sbt.plugins.IvyPlugin))), Clause(Atom(sbt.plugins.IvyPlugin),Set(Atom(sbt.plugins.JvmPlugin))), Clause(Atom(sbt.plugins.JvmPlugin),Set(Atom(sbt.plugins.SemanticdbPlugin))), Clause(Atom(sbt.plugins.JvmPlugin),Set(Atom(sbt.plugins.JUnitXmlReportPlugin))), Clause(Atom(sbt.plugins.CorePlugin),Set(Atom(sbt.plugins.Giter8TemplatePlugin))), Clause(Atom(sbt.plugins.JvmPlugin),Set(Atom(sbt.plugins.MiniDependencyTreePlugin)))))
[debug]   :: deduced result: Matched(sbt.plugins.CorePlugin,sbt.plugins.Giter8TemplatePlugin,sbt.plugins.IvyPlugin,sbt.plugins.JvmPlugin,sbt.plugins.MiniDependencyTreePlugin,sbt.plugins.JUnitXmlReportPlugin,sbt.plugins.SemanticdbPlugin)
[debug] Plugins.deducer#function took 18.1761 ms
[info] loading settings for project tlc-scala-101 from build.sbt ...
[debug]         Load.resolveProject(tlc-scala-101) took 16.5489ms
[debug]       Load.loadTransitive: finalizeProject(Project(id tlc-scala-101, base: C:\Users\dfdem\IdeaProjects\tlc-scala-101, plugins: List(<none>))) took 37.0189ms
[debug] [Loading] Done in C:\Users\dfdem\IdeaProjects\tlc-scala-101, returning: (tlc-scala-101)
[debug]     Load.loadUnit: loadedProjectsRaw took 19086.9964ms
[debug]     Load.loadUnit: cleanEvalClasses took 47.0532ms
[debug]   Load.loadUnit(file:/C:/Users/dfdem/IdeaProjects/tlc-scala-101/, ...) took 39893.8761ms
[debug] Load.apply: load took 39899.2963ms
[debug] Load.apply: resolveProjects took 0.437ms
[debug] Load.apply: finalTransforms took 68.1261ms
[debug] Load.apply: config.delegates took 0.9632ms
[debug] Load.apply: Def.make(settings)... took 532.6296ms
[debug] Load.apply: structureIndex took 179.9525ms
[debug] Load.apply: mkStreams took 0.0106ms
[info] set current project to tlc-scala-101 (in build file:/C:/Users/dfdem/IdeaProjects/tlc-scala-101/)
[debug] > Exec(sbtPopOnFailure, None, None)
[debug] > Exec(resumeFromFailure, None, None)
[debug] > Exec(notifyUsersAboutShell, None, None)
[debug] > Exec(iflast shell, None, None)
[debug] > Exec(shell, None, None)
[info] sbt server started at local:sbt-server-264eeb6eb82cfc74c8a8
[debug] Forcing garbage collection...
