[debug] > Exec(early(addDefaultCommands), None, None)
[debug] > Exec(addDefaultCommands, None, None)
[debug] > Exec(early(initialize), None, None)
[debug] > Exec(initialize, None, None)
[debug] > Exec(boot, None, None)
[debug] > Exec(writeSbtVersion, None, None)
[debug] > Exec(reload, None, None)
[debug] > Exec(sbtStashOnFailure, None, None)
[debug] > Exec(onFailure loadFailed, None, None)
[debug] > Exec(loadp, None, None)
[info] welcome to sbt 1.4.2 (Oracle Corporation Java 14.0.2)
[debug]       Load.loadUnit: plugins took 834.7474ms
[debug]       Load.loadUnit: defsScala took 1.6506ms
[debug] [Loading] Scanning directory C:\Users\dfdem\.sbt\1.0\plugins
[debug] [Loading] Found non-root projects 
[debug] [Loading] Done in C:\Users\dfdem\.sbt\1.0\plugins, returning: ()
[debug] deducing auto plugins based on known facts Set(Atom(sbt.plugins.CorePlugin)) and clauses Clauses(List(Clause(Atom(sbt.plugins.JvmPlugin),Set(Atom(sbt.plugins.IvyPlugin))), Clause(Atom(sbt.ScriptedPlugin),Set(Atom(sbt.plugins.JvmPlugin))), Clause(Atom(sbt.plugins.SbtPlugin),Set(Atom(sbt.ScriptedPlugin))), Clause(Atom(sbt.plugins.SemanticdbPlugin),Set(Atom(sbt.plugins.JvmPlugin))), Clause(Atom(sbt.plugins.JUnitXmlReportPlugin),Set(Atom(sbt.plugins.JvmPlugin))), Clause(Atom(sbt.plugins.MiniDependencyTreePlugin),Set(Atom(sbt.plugins.JvmPlugin))), Clause(Atom(sbt.plugins.CorePlugin),Set(Atom(sbt.plugins.IvyPlugin))), Clause(Atom(sbt.plugins.IvyPlugin),Set(Atom(sbt.plugins.JvmPlugin))), Clause(Atom(sbt.plugins.JvmPlugin),Set(Atom(sbt.plugins.SemanticdbPlugin))), Clause(Atom(sbt.plugins.JvmPlugin),Set(Atom(sbt.plugins.JUnitXmlReportPlugin))), Clause(Atom(sbt.plugins.CorePlugin),Set(Atom(sbt.plugins.Giter8TemplatePlugin))), Clause(Atom(sbt.plugins.JvmPlugin),Set(Atom(sbt.plugins.MiniDependencyTreePlugin)))))
[debug]   :: deduced result: Matched(sbt.plugins.CorePlugin,sbt.plugins.Giter8TemplatePlugin,sbt.plugins.IvyPlugin,sbt.plugins.JvmPlugin,sbt.plugins.MiniDependencyTreePlugin,sbt.plugins.JUnitXmlReportPlugin,sbt.plugins.SemanticdbPlugin)
[debug] Plugins.deducer#function took 155.2006 ms
[debug]           Load.resolveProject(global-plugins) took 274.2376ms
[debug]         Load.loadTransitive: finalizeProject(Project(id global-plugins, base: C:\Users\dfdem\.sbt\1.0\plugins, plugins: List(<none>))) took 579.4177ms
[debug] [Loading] Done in C:\Users\dfdem\.sbt\1.0\plugins, returning: (global-plugins)
[debug]       Load.loadUnit: loadedProjectsRaw took 720.4558ms
[debug]       Load.loadUnit: cleanEvalClasses took 1.6847ms
[debug]     Load.loadUnit(file:/C:/Users/dfdem/.sbt/1.0/plugins/, ...) took 1616.3709ms
[debug]   Load.apply: load took 2830.6583ms
[debug]   Load.apply: resolveProjects took 72.7089ms
[debug]   Load.apply: finalTransforms took 1566.4629ms
[debug]   Load.apply: config.delegates took 127.151ms
[debug]   Load.apply: Def.make(settings)... took 9156.2757ms
[debug]   Load.apply: structureIndex took 1229.4388ms
[debug]   Load.apply: mkStreams took 9.337ms
[info] loading global plugins from C:\Users\dfdem\.sbt\1.0\plugins
[debug] Running task... Cancel: Signal, check cycles: false, forcegc: true
[debug] Load.defaultLoad until apply took 29798.5101ms
[debug]           Load.loadUnit: plugins took 224.1368ms
[debug]           Load.loadUnit: defsScala took 0.0206ms
[debug] [Loading] Scanning directory C:\Users\dfdem\IdeaProjects\tlc-scala-101\project
[debug] [Loading] Found non-root projects 
[debug] [Loading] Done in C:\Users\dfdem\IdeaProjects\tlc-scala-101\project, returning: ()
[debug] deducing auto plugins based on known facts Set(Atom(sbt.plugins.CorePlugin)) and clauses Clauses(List(Clause(Atom(sbt.plugins.JvmPlugin),Set(Atom(sbt.plugins.IvyPlugin))), Clause(Atom(sbt.ScriptedPlugin),Set(Atom(sbt.plugins.JvmPlugin))), Clause(Atom(sbt.plugins.SbtPlugin),Set(Atom(sbt.ScriptedPlugin))), Clause(Atom(sbt.plugins.SemanticdbPlugin),Set(Atom(sbt.plugins.JvmPlugin))), Clause(Atom(sbt.plugins.JUnitXmlReportPlugin),Set(Atom(sbt.plugins.JvmPlugin))), Clause(Atom(sbt.plugins.MiniDependencyTreePlugin),Set(Atom(sbt.plugins.JvmPlugin))), Clause(Atom(sbt.plugins.CorePlugin),Set(Atom(sbt.plugins.IvyPlugin))), Clause(Atom(sbt.plugins.IvyPlugin),Set(Atom(sbt.plugins.JvmPlugin))), Clause(Atom(sbt.plugins.JvmPlugin),Set(Atom(sbt.plugins.SemanticdbPlugin))), Clause(Atom(sbt.plugins.JvmPlugin),Set(Atom(sbt.plugins.JUnitXmlReportPlugin))), Clause(Atom(sbt.plugins.CorePlugin),Set(Atom(sbt.plugins.Giter8TemplatePlugin))), Clause(Atom(sbt.plugins.JvmPlugin),Set(Atom(sbt.plugins.MiniDependencyTreePlugin)))))
[debug]   :: deduced result: Matched(sbt.plugins.CorePlugin,sbt.plugins.Giter8TemplatePlugin,sbt.plugins.IvyPlugin,sbt.plugins.JvmPlugin,sbt.plugins.MiniDependencyTreePlugin,sbt.plugins.JUnitXmlReportPlugin,sbt.plugins.SemanticdbPlugin)
[debug] Plugins.deducer#function took 10.0719 ms
[debug]               Load.resolveProject(tlc-scala-101-build) took 13.4217ms
[debug]             Load.loadTransitive: finalizeProject(Project(id tlc-scala-101-build, base: C:\Users\dfdem\IdeaProjects\tlc-scala-101\project, plugins: List(<none>))) took 28.5939ms
[debug] [Loading] Done in C:\Users\dfdem\IdeaProjects\tlc-scala-101\project, returning: (tlc-scala-101-build)
[debug]           Load.loadUnit: loadedProjectsRaw took 51.1799ms
[debug]           Load.loadUnit: cleanEvalClasses took 0.0782ms
[debug]         Load.loadUnit(file:/C:/Users/dfdem/IdeaProjects/tlc-scala-101/project/, ...) took 279.8882ms
[debug]       Load.apply: load took 289.0136ms
[debug]       Load.apply: resolveProjects took 0.5148ms
[debug]       Load.apply: finalTransforms took 98.5264ms
[debug]       Load.apply: config.delegates took 1.8059ms
[debug]       Load.apply: Def.make(settings)... took 1684.7603ms
[debug]       Load.apply: structureIndex took 350.8831ms
[debug]       Load.apply: mkStreams took 0.0089ms
[info] loading project definition from C:\Users\dfdem\IdeaProjects\tlc-scala-101\project
[debug] Running task... Cancel: Signal, check cycles: false, forcegc: true
[debug]     Load.loadUnit: plugins took 4961.0852ms
[debug]     Load.loadUnit: defsScala took 0.0889ms
[debug] [Loading] Scanning directory C:\Users\dfdem\IdeaProjects\tlc-scala-101
[debug]       Load.loadUnit: mkEval took 26.9785ms
[debug] [Loading] Found non-root projects 
[debug] [Loading] Done in C:\Users\dfdem\IdeaProjects\tlc-scala-101, returning: ()
[debug] deducing auto plugins based on known facts Set(Atom(sbt.plugins.CorePlugin)) and clauses Clauses(List(Clause(Atom(sbt.plugins.JvmPlugin),Set(Atom(sbt.plugins.IvyPlugin))), Clause(Atom(sbt.ScriptedPlugin),Set(Atom(sbt.plugins.JvmPlugin))), Clause(Atom(sbt.plugins.SbtPlugin),Set(Atom(sbt.ScriptedPlugin))), Clause(Atom(sbt.plugins.SemanticdbPlugin),Set(Atom(sbt.plugins.JvmPlugin))), Clause(Atom(sbt.plugins.JUnitXmlReportPlugin),Set(Atom(sbt.plugins.JvmPlugin))), Clause(Atom(sbt.plugins.MiniDependencyTreePlugin),Set(Atom(sbt.plugins.JvmPlugin))), Clause(Atom(sbt.plugins.CorePlugin),Set(Atom(sbt.plugins.IvyPlugin))), Clause(Atom(sbt.plugins.IvyPlugin),Set(Atom(sbt.plugins.JvmPlugin))), Clause(Atom(sbt.plugins.JvmPlugin),Set(Atom(sbt.plugins.SemanticdbPlugin))), Clause(Atom(sbt.plugins.JvmPlugin),Set(Atom(sbt.plugins.JUnitXmlReportPlugin))), Clause(Atom(sbt.plugins.CorePlugin),Set(Atom(sbt.plugins.Giter8TemplatePlugin))), Clause(Atom(sbt.plugins.JvmPlugin),Set(Atom(sbt.plugins.MiniDependencyTreePlugin)))))
[debug]   :: deduced result: Matched(sbt.plugins.CorePlugin,sbt.plugins.Giter8TemplatePlugin,sbt.plugins.IvyPlugin,sbt.plugins.JvmPlugin,sbt.plugins.MiniDependencyTreePlugin,sbt.plugins.JUnitXmlReportPlugin,sbt.plugins.SemanticdbPlugin)
[debug] Plugins.deducer#function took 7.8171 ms
[info] loading settings for project tlc-scala-101 from build.sbt ...
[debug]         Load.resolveProject(tlc-scala-101) took 17.3563ms
[debug]       Load.loadTransitive: finalizeProject(Project(id tlc-scala-101, base: C:\Users\dfdem\IdeaProjects\tlc-scala-101, plugins: List(<none>))) took 30.1289ms
[debug] [Loading] Done in C:\Users\dfdem\IdeaProjects\tlc-scala-101, returning: (tlc-scala-101)
[debug]     Load.loadUnit: loadedProjectsRaw took 666.5618ms
[debug]     Load.loadUnit: cleanEvalClasses took 62.3393ms
[debug]   Load.loadUnit(file:/C:/Users/dfdem/IdeaProjects/tlc-scala-101/, ...) took 5701.3853ms
[debug] Load.apply: load took 5710.5632ms
[debug] Load.apply: resolveProjects took 0.5633ms
[debug] Load.apply: finalTransforms took 63.8014ms
[debug] Load.apply: config.delegates took 1.7937ms
[debug] Load.apply: Def.make(settings)... took 565.5277ms
[debug] Load.apply: structureIndex took 207.8898ms
[debug] Load.apply: mkStreams took 0.009ms
[info] set current project to tlc-scala-101 (in build file:/C:/Users/dfdem/IdeaProjects/tlc-scala-101/)
[debug] > Exec(sbtPopOnFailure, None, None)
[debug] > Exec(resumeFromFailure, None, None)
[debug] > Exec(notifyUsersAboutShell, None, None)
[debug] > Exec(iflast shell, None, None)
[debug] > Exec(shell, None, None)
[info] sbt server started at local:sbt-server-264eeb6eb82cfc74c8a8
[debug] Forcing garbage collection...
